<?xml version="1.0" encoding="UTF-8"?>
<!-- Generated by org.testng.reporters.JUnitReportReporter -->
<testsuite hostname="Pranays-MacBook-Pro.local" failures="0" tests="1" name="sample.sampleClass" time="13.071" errors="0" timestamp="14 Oct 2021 16:21:20 GMT">
  <testcase classname="sample.sampleClass" name="launchBrowser" time="13.071"/>
</testsuite> <!-- sample.sampleClass -->
